2025-05-07 16:49:19 - Starting ProyectoFinalApiApplication using Java 22.0.2 with PID 5812 (D:\TFGProyectos\APIProyectoFinalDWS\target\classes started by vspc in D:\TFGProyectos\APIProyectoFinalDWS)
2025-05-07 16:49:19 - No active profile set, falling back to 1 default profile: "default"
2025-05-07 16:49:19 - Bootstrapping Spring Data JPA repositories in DEFAULT mode.
2025-05-07 16:49:19 - Finished Spring Data repository scanning in 49 ms. Found 7 JPA repository interfaces.
2025-05-07 16:49:20 - Tomcat initialized with port 8081 (http)
2025-05-07 16:49:20 - Starting service [Tomcat]
2025-05-07 16:49:20 - Starting Servlet engine: [Apache Tomcat/10.1.36]
2025-05-07 16:49:20 - Initializing Spring embedded WebApplicationContext
2025-05-07 16:49:20 - Root WebApplicationContext: initialization completed in 1001 ms
2025-05-07 16:49:20 - HHH000204: Processing PersistenceUnitInfo [name: default]
2025-05-07 16:49:20 - HHH000412: Hibernate ORM core version 6.6.8.Final
2025-05-07 16:49:20 - HHH000026: Second-level cache disabled
2025-05-07 16:49:20 - No LoadTimeWeaver setup: ignoring JPA class transformer
2025-05-07 16:49:20 - HikariPool-1 - Starting...
2025-05-07 16:49:21 - HikariPool-1 - Added connection com.mysql.cj.jdbc.ConnectionImpl@b841713
2025-05-07 16:49:21 - HikariPool-1 - Start completed.
2025-05-07 16:49:21 - HHH10001005: Database info:
	Database JDBC URL [Connecting through datasource 'HikariDataSource (HikariPool-1)']
	Database driver: undefined/unknown
	Database version: 8.4.3
	Autocommit mode: undefined/unknown
	Isolation level: undefined/unknown
	Minimum pool size: undefined/unknown
	Maximum pool size: undefined/unknown
2025-05-07 16:49:22 - HHH000489: No JTA platform available (set 'hibernate.transaction.jta.platform' to enable JTA platform integration)
2025-05-07 16:49:24 - Initialized JPA EntityManagerFactory for persistence unit 'default'
2025-05-07 16:49:24 - Hibernate is in classpath; If applicable, HQL parser will be used.
2025-05-07 16:49:25 - Exception encountered during context initialization - cancelling refresh attempt: org.springframework.beans.factory.UnsatisfiedDependencyException: Error creating bean with name 'controladorApi': Unsatisfied dependency expressed through field 'servicioGrupo': Error creating bean with name 'grupoServicios': Unsatisfied dependency expressed through field 'repositorioSuscripcion': Error creating bean with name 'suscripcionRepositorio' defined in edu.proyectoFinalAPI.Daos.SuscripcionRepositorio defined in @EnableJpaRepositories declared on JpaRepositoriesRegistrar.EnableJpaRepositoriesConfiguration: Could not create query for public abstract java.util.List edu.proyectoFinalAPI.Daos.SuscripcionRepositorio.findUsuariosByNombreGrupo(java.lang.String); Reason: Validation failed for query for method public abstract java.util.List edu.proyectoFinalAPI.Daos.SuscripcionRepositorio.findUsuariosByNombreGrupo(java.lang.String)
2025-05-07 16:49:25 - Closing JPA EntityManagerFactory for persistence unit 'default'
2025-05-07 16:49:25 - HikariPool-1 - Shutdown initiated...
2025-05-07 16:49:26 - HikariPool-1 - Shutdown completed.
2025-05-07 16:49:26 - Stopping service [Tomcat]
2025-05-07 16:49:26 - 

Error starting ApplicationContext. To display the condition evaluation report re-run your application with 'debug' enabled.
2025-05-07 16:49:26 - Application run failed
org.springframework.beans.factory.UnsatisfiedDependencyException: Error creating bean with name 'controladorApi': Unsatisfied dependency expressed through field 'servicioGrupo': Error creating bean with name 'grupoServicios': Unsatisfied dependency expressed through field 'repositorioSuscripcion': Error creating bean with name 'suscripcionRepositorio' defined in edu.proyectoFinalAPI.Daos.SuscripcionRepositorio defined in @EnableJpaRepositories declared on JpaRepositoriesRegistrar.EnableJpaRepositoriesConfiguration: Could not create query for public abstract java.util.List edu.proyectoFinalAPI.Daos.SuscripcionRepositorio.findUsuariosByNombreGrupo(java.lang.String); Reason: Validation failed for query for method public abstract java.util.List edu.proyectoFinalAPI.Daos.SuscripcionRepositorio.findUsuariosByNombreGrupo(java.lang.String)
	at org.springframework.beans.factory.annotation.AutowiredAnnotationBeanPostProcessor$AutowiredFieldElement.resolveFieldValue(AutowiredAnnotationBeanPostProcessor.java:788)
	at org.springframework.beans.factory.annotation.AutowiredAnnotationBeanPostProcessor$AutowiredFieldElement.inject(AutowiredAnnotationBeanPostProcessor.java:768)
	at org.springframework.beans.factory.annotation.InjectionMetadata.inject(InjectionMetadata.java:146)
	at org.springframework.beans.factory.annotation.AutowiredAnnotationBeanPostProcessor.postProcessProperties(AutowiredAnnotationBeanPostProcessor.java:509)
	at org.springframework.beans.factory.support.AbstractAutowireCapableBeanFactory.populateBean(AbstractAutowireCapableBeanFactory.java:1445)
	at org.springframework.beans.factory.support.AbstractAutowireCapableBeanFactory.doCreateBean(AbstractAutowireCapableBeanFactory.java:600)
	at org.springframework.beans.factory.support.AbstractAutowireCapableBeanFactory.createBean(AbstractAutowireCapableBeanFactory.java:523)
	at org.springframework.beans.factory.support.AbstractBeanFactory.lambda$doGetBean$0(AbstractBeanFactory.java:339)
	at org.springframework.beans.factory.support.DefaultSingletonBeanRegistry.getSingleton(DefaultSingletonBeanRegistry.java:346)
	at org.springframework.beans.factory.support.AbstractBeanFactory.doGetBean(AbstractBeanFactory.java:337)
	at org.springframework.beans.factory.support.AbstractBeanFactory.getBean(AbstractBeanFactory.java:202)
	at org.springframework.beans.factory.support.DefaultListableBeanFactory.instantiateSingleton(DefaultListableBeanFactory.java:1155)
	at org.springframework.beans.factory.support.DefaultListableBeanFactory.preInstantiateSingleton(DefaultListableBeanFactory.java:1121)
	at org.springframework.beans.factory.support.DefaultListableBeanFactory.preInstantiateSingletons(DefaultListableBeanFactory.java:1056)
	at org.springframework.context.support.AbstractApplicationContext.finishBeanFactoryInitialization(AbstractApplicationContext.java:987)
	at org.springframework.context.support.AbstractApplicationContext.refresh(AbstractApplicationContext.java:627)
	at org.springframework.boot.web.servlet.context.ServletWebServerApplicationContext.refresh(ServletWebServerApplicationContext.java:146)
	at org.springframework.boot.SpringApplication.refresh(SpringApplication.java:752)
	at org.springframework.boot.SpringApplication.refreshContext(SpringApplication.java:439)
	at org.springframework.boot.SpringApplication.run(SpringApplication.java:318)
	at org.springframework.boot.SpringApplication.run(SpringApplication.java:1361)
	at org.springframework.boot.SpringApplication.run(SpringApplication.java:1350)
	at edu.proyectoFinalAPI.ProyectoFinalApiApplication.main(ProyectoFinalApiApplication.java:12)
Caused by: org.springframework.beans.factory.UnsatisfiedDependencyException: Error creating bean with name 'grupoServicios': Unsatisfied dependency expressed through field 'repositorioSuscripcion': Error creating bean with name 'suscripcionRepositorio' defined in edu.proyectoFinalAPI.Daos.SuscripcionRepositorio defined in @EnableJpaRepositories declared on JpaRepositoriesRegistrar.EnableJpaRepositoriesConfiguration: Could not create query for public abstract java.util.List edu.proyectoFinalAPI.Daos.SuscripcionRepositorio.findUsuariosByNombreGrupo(java.lang.String); Reason: Validation failed for query for method public abstract java.util.List edu.proyectoFinalAPI.Daos.SuscripcionRepositorio.findUsuariosByNombreGrupo(java.lang.String)
	at org.springframework.beans.factory.annotation.AutowiredAnnotationBeanPostProcessor$AutowiredFieldElement.resolveFieldValue(AutowiredAnnotationBeanPostProcessor.java:788)
	at org.springframework.beans.factory.annotation.AutowiredAnnotationBeanPostProcessor$AutowiredFieldElement.inject(AutowiredAnnotationBeanPostProcessor.java:768)
	at org.springframework.beans.factory.annotation.InjectionMetadata.inject(InjectionMetadata.java:146)
	at org.springframework.beans.factory.annotation.AutowiredAnnotationBeanPostProcessor.postProcessProperties(AutowiredAnnotationBeanPostProcessor.java:509)
	at org.springframework.beans.factory.support.AbstractAutowireCapableBeanFactory.populateBean(AbstractAutowireCapableBeanFactory.java:1445)
	at org.springframework.beans.factory.support.AbstractAutowireCapableBeanFactory.doCreateBean(AbstractAutowireCapableBeanFactory.java:600)
	at org.springframework.beans.factory.support.AbstractAutowireCapableBeanFactory.createBean(AbstractAutowireCapableBeanFactory.java:523)
	at org.springframework.beans.factory.support.AbstractBeanFactory.lambda$doGetBean$0(AbstractBeanFactory.java:339)
	at org.springframework.beans.factory.support.DefaultSingletonBeanRegistry.getSingleton(DefaultSingletonBeanRegistry.java:346)
	at org.springframework.beans.factory.support.AbstractBeanFactory.doGetBean(AbstractBeanFactory.java:337)
	at org.springframework.beans.factory.support.AbstractBeanFactory.getBean(AbstractBeanFactory.java:202)
	at org.springframework.beans.factory.config.DependencyDescriptor.resolveCandidate(DependencyDescriptor.java:254)
	at org.springframework.beans.factory.support.DefaultListableBeanFactory.doResolveDependency(DefaultListableBeanFactory.java:1664)
	at org.springframework.beans.factory.support.DefaultListableBeanFactory.resolveDependency(DefaultListableBeanFactory.java:1552)
	at org.springframework.beans.factory.annotation.AutowiredAnnotationBeanPostProcessor$AutowiredFieldElement.resolveFieldValue(AutowiredAnnotationBeanPostProcessor.java:785)
	... 22 common frames omitted
Caused by: org.springframework.beans.factory.BeanCreationException: Error creating bean with name 'suscripcionRepositorio' defined in edu.proyectoFinalAPI.Daos.SuscripcionRepositorio defined in @EnableJpaRepositories declared on JpaRepositoriesRegistrar.EnableJpaRepositoriesConfiguration: Could not create query for public abstract java.util.List edu.proyectoFinalAPI.Daos.SuscripcionRepositorio.findUsuariosByNombreGrupo(java.lang.String); Reason: Validation failed for query for method public abstract java.util.List edu.proyectoFinalAPI.Daos.SuscripcionRepositorio.findUsuariosByNombreGrupo(java.lang.String)
	at org.springframework.beans.factory.support.AbstractAutowireCapableBeanFactory.initializeBean(AbstractAutowireCapableBeanFactory.java:1812)
	at org.springframework.beans.factory.support.AbstractAutowireCapableBeanFactory.doCreateBean(AbstractAutowireCapableBeanFactory.java:601)
	at org.springframework.beans.factory.support.AbstractAutowireCapableBeanFactory.createBean(AbstractAutowireCapableBeanFactory.java:523)
	at org.springframework.beans.factory.support.AbstractBeanFactory.lambda$doGetBean$0(AbstractBeanFactory.java:339)
	at org.springframework.beans.factory.support.DefaultSingletonBeanRegistry.getSingleton(DefaultSingletonBeanRegistry.java:346)
	at org.springframework.beans.factory.support.AbstractBeanFactory.doGetBean(AbstractBeanFactory.java:337)
	at org.springframework.beans.factory.support.AbstractBeanFactory.getBean(AbstractBeanFactory.java:202)
	at org.springframework.beans.factory.config.DependencyDescriptor.resolveCandidate(DependencyDescriptor.java:254)
	at org.springframework.beans.factory.support.DefaultListableBeanFactory.doResolveDependency(DefaultListableBeanFactory.java:1664)
	at org.springframework.beans.factory.support.DefaultListableBeanFactory.resolveDependency(DefaultListableBeanFactory.java:1552)
	at org.springframework.beans.factory.annotation.AutowiredAnnotationBeanPostProcessor$AutowiredFieldElement.resolveFieldValue(AutowiredAnnotationBeanPostProcessor.java:785)
	... 36 common frames omitted
Caused by: org.springframework.data.repository.query.QueryCreationException: Could not create query for public abstract java.util.List edu.proyectoFinalAPI.Daos.SuscripcionRepositorio.findUsuariosByNombreGrupo(java.lang.String); Reason: Validation failed for query for method public abstract java.util.List edu.proyectoFinalAPI.Daos.SuscripcionRepositorio.findUsuariosByNombreGrupo(java.lang.String)
	at org.springframework.data.repository.query.QueryCreationException.create(QueryCreationException.java:101)
	at org.springframework.data.repository.core.support.QueryExecutorMethodInterceptor.lookupQuery(QueryExecutorMethodInterceptor.java:120)
	at org.springframework.data.repository.core.support.QueryExecutorMethodInterceptor.mapMethodsToQuery(QueryExecutorMethodInterceptor.java:104)
	at org.springframework.data.repository.core.support.QueryExecutorMethodInterceptor.lambda$new$0(QueryExecutorMethodInterceptor.java:92)
	at java.base/java.util.Optional.map(Optional.java:260)
	at org.springframework.data.repository.core.support.QueryExecutorMethodInterceptor.<init>(QueryExecutorMethodInterceptor.java:92)
	at org.springframework.data.repository.core.support.RepositoryFactorySupport.getRepository(RepositoryFactorySupport.java:440)
	at org.springframework.data.repository.core.support.RepositoryFactoryBeanSupport.lambda$afterPropertiesSet$4(RepositoryFactoryBeanSupport.java:350)
	at org.springframework.data.util.Lazy.getNullable(Lazy.java:135)
	at org.springframework.data.util.Lazy.get(Lazy.java:113)
	at org.springframework.data.repository.core.support.RepositoryFactoryBeanSupport.afterPropertiesSet(RepositoryFactoryBeanSupport.java:356)
	at org.springframework.data.jpa.repository.support.JpaRepositoryFactoryBean.afterPropertiesSet(JpaRepositoryFactoryBean.java:132)
	at org.springframework.beans.factory.support.AbstractAutowireCapableBeanFactory.invokeInitMethods(AbstractAutowireCapableBeanFactory.java:1859)
	at org.springframework.beans.factory.support.AbstractAutowireCapableBeanFactory.initializeBean(AbstractAutowireCapableBeanFactory.java:1808)
	... 46 common frames omitted
Caused by: java.lang.IllegalArgumentException: Validation failed for query for method public abstract java.util.List edu.proyectoFinalAPI.Daos.SuscripcionRepositorio.findUsuariosByNombreGrupo(java.lang.String)
	at org.springframework.data.jpa.repository.query.SimpleJpaQuery.validateQuery(SimpleJpaQuery.java:97)
	at org.springframework.data.jpa.repository.query.SimpleJpaQuery.<init>(SimpleJpaQuery.java:67)
	at org.springframework.data.jpa.repository.query.JpaQueryFactory.fromMethodWithQueryString(JpaQueryFactory.java:49)
	at org.springframework.data.jpa.repository.query.JpaQueryLookupStrategy$DeclaredQueryLookupStrategy.resolveQuery(JpaQueryLookupStrategy.java:174)
	at org.springframework.data.jpa.repository.query.JpaQueryLookupStrategy$CreateIfNotFoundQueryLookupStrategy.resolveQuery(JpaQueryLookupStrategy.java:256)
	at org.springframework.data.jpa.repository.query.JpaQueryLookupStrategy$AbstractQueryLookupStrategy.resolveQuery(JpaQueryLookupStrategy.java:99)
	at org.springframework.data.repository.core.support.QueryExecutorMethodInterceptor.lookupQuery(QueryExecutorMethodInterceptor.java:116)
	... 58 common frames omitted
Caused by: java.lang.IllegalArgumentException: org.hibernate.query.sqm.UnknownPathException: Could not resolve attribute 'usuario' of 'edu.proyectoFinalAPI.Daos.SuscripcionEntidad' [SELECT s.usuario FROM SuscripcionEntidad s WHERE s.grupo.nombreGrupo = :nombreGrupo]
	at org.hibernate.internal.ExceptionConverterImpl.convert(ExceptionConverterImpl.java:143)
	at org.hibernate.internal.ExceptionConverterImpl.convert(ExceptionConverterImpl.java:167)
	at org.hibernate.internal.ExceptionConverterImpl.convert(ExceptionConverterImpl.java:173)
	at org.hibernate.internal.AbstractSharedSessionContract.createQuery(AbstractSharedSessionContract.java:886)
	at org.hibernate.internal.AbstractSharedSessionContract.createQuery(AbstractSharedSessionContract.java:796)
	at org.hibernate.internal.AbstractSharedSessionContract.createQuery(AbstractSharedSessionContract.java:143)
	at java.base/jdk.internal.reflect.DirectMethodHandleAccessor.invoke(DirectMethodHandleAccessor.java:103)
	at java.base/java.lang.reflect.Method.invoke(Method.java:580)
	at org.springframework.orm.jpa.ExtendedEntityManagerCreator$ExtendedEntityManagerInvocationHandler.invoke(ExtendedEntityManagerCreator.java:364)
	at jdk.proxy2/jdk.proxy2.$Proxy116.createQuery(Unknown Source)
	at org.springframework.data.jpa.repository.query.SimpleJpaQuery.validateQuery(SimpleJpaQuery.java:91)
	... 64 common frames omitted
Caused by: org.hibernate.query.sqm.UnknownPathException: Could not resolve attribute 'usuario' of 'edu.proyectoFinalAPI.Daos.SuscripcionEntidad' [SELECT s.usuario FROM SuscripcionEntidad s WHERE s.grupo.nombreGrupo = :nombreGrupo]
	at org.hibernate.query.hql.internal.StandardHqlTranslator.translate(StandardHqlTranslator.java:88)
	at org.hibernate.query.internal.QueryInterpretationCacheStandardImpl.createHqlInterpretation(QueryInterpretationCacheStandardImpl.java:145)
	at org.hibernate.query.internal.QueryInterpretationCacheStandardImpl.resolveHqlInterpretation(QueryInterpretationCacheStandardImpl.java:132)
	at org.hibernate.query.spi.QueryEngine.interpretHql(QueryEngine.java:54)
	at org.hibernate.internal.AbstractSharedSessionContract.interpretHql(AbstractSharedSessionContract.java:832)
	at org.hibernate.internal.AbstractSharedSessionContract.createQuery(AbstractSharedSessionContract.java:878)
	... 71 common frames omitted
Caused by: org.hibernate.query.sqm.PathElementException: Could not resolve attribute 'usuario' of 'edu.proyectoFinalAPI.Daos.SuscripcionEntidad'
	at org.hibernate.query.sqm.SqmPathSource.getSubPathSource(SqmPathSource.java:95)
	at org.hibernate.query.sqm.tree.domain.AbstractSqmPath.get(AbstractSqmPath.java:198)
	at org.hibernate.query.sqm.tree.domain.AbstractSqmFrom.resolvePathPart(AbstractSqmFrom.java:198)
	at org.hibernate.query.hql.internal.DomainPathPart.resolvePathPart(DomainPathPart.java:42)
	at org.hibernate.query.hql.internal.BasicDotIdentifierConsumer.consumeIdentifier(BasicDotIdentifierConsumer.java:92)
	at org.hibernate.query.hql.internal.SemanticQueryBuilder.visitSimplePath(SemanticQueryBuilder.java:5465)
	at org.hibernate.query.hql.internal.SemanticQueryBuilder.visitGeneralPathFragment(SemanticQueryBuilder.java:5298)
	at org.hibernate.query.hql.internal.SemanticQueryBuilder.visitGeneralPathExpression(SemanticQueryBuilder.java:1891)
	at org.hibernate.grammars.hql.HqlParser$GeneralPathExpressionContext.accept(HqlParser.java:8268)
	at org.antlr.v4.runtime.tree.AbstractParseTreeVisitor.visitChildren(AbstractParseTreeVisitor.java:46)
	at org.hibernate.grammars.hql.HqlParserBaseVisitor.visitBarePrimaryExpression(HqlParserBaseVisitor.java:812)
	at org.hibernate.grammars.hql.HqlParser$BarePrimaryExpressionContext.accept(HqlParser.java:7726)
	at org.antlr.v4.runtime.tree.AbstractParseTreeVisitor.visitChildren(AbstractParseTreeVisitor.java:46)
	at org.hibernate.grammars.hql.HqlParserBaseVisitor.visitExpressionOrPredicate(HqlParserBaseVisitor.java:945)
	at org.hibernate.grammars.hql.HqlParser$ExpressionOrPredicateContext.accept(HqlParser.java:8468)
	at org.hibernate.query.hql.internal.SemanticQueryBuilder.visitSelectableNode(SemanticQueryBuilder.java:1435)
	at org.hibernate.query.hql.internal.SemanticQueryBuilder.visitSelection(SemanticQueryBuilder.java:1412)
	at org.hibernate.query.hql.internal.SemanticQueryBuilder.visitSelectClause(SemanticQueryBuilder.java:1405)
	at org.hibernate.query.hql.internal.SemanticQueryBuilder.visitQuery(SemanticQueryBuilder.java:1254)
	at org.hibernate.query.hql.internal.SemanticQueryBuilder.visitQuerySpecExpression(SemanticQueryBuilder.java:1040)
	at org.hibernate.query.hql.internal.SemanticQueryBuilder.visitQuerySpecExpression(SemanticQueryBuilder.java:277)
	at org.hibernate.grammars.hql.HqlParser$QuerySpecExpressionContext.accept(HqlParser.java:2134)
	at org.hibernate.query.hql.internal.SemanticQueryBuilder.visitSimpleQueryGroup(SemanticQueryBuilder.java:1025)
	at org.hibernate.query.hql.internal.SemanticQueryBuilder.visitSimpleQueryGroup(SemanticQueryBuilder.java:277)
	at org.hibernate.grammars.hql.HqlParser$SimpleQueryGroupContext.accept(HqlParser.java:2005)
	at org.hibernate.query.hql.internal.SemanticQueryBuilder.visitSelectStatement(SemanticQueryBuilder.java:492)
	at org.hibernate.query.hql.internal.SemanticQueryBuilder.visitStatement(SemanticQueryBuilder.java:451)
	at org.hibernate.query.hql.internal.SemanticQueryBuilder.buildSemanticModel(SemanticQueryBuilder.java:324)
	at org.hibernate.query.hql.internal.StandardHqlTranslator.translate(StandardHqlTranslator.java:71)
	... 76 common frames omitted
2025-05-07 16:53:45 - Starting ProyectoFinalApiApplication using Java 22.0.2 with PID 9780 (D:\TFGProyectos\APIProyectoFinalDWS\target\classes started by vspc in D:\TFGProyectos\APIProyectoFinalDWS)
2025-05-07 16:53:45 - No active profile set, falling back to 1 default profile: "default"
2025-05-07 16:53:45 - Bootstrapping Spring Data JPA repositories in DEFAULT mode.
2025-05-07 16:53:45 - Finished Spring Data repository scanning in 44 ms. Found 7 JPA repository interfaces.
2025-05-07 16:53:46 - Tomcat initialized with port 8081 (http)
2025-05-07 16:53:46 - Starting service [Tomcat]
2025-05-07 16:53:46 - Starting Servlet engine: [Apache Tomcat/10.1.36]
2025-05-07 16:53:46 - Initializing Spring embedded WebApplicationContext
2025-05-07 16:53:46 - Root WebApplicationContext: initialization completed in 787 ms
2025-05-07 16:53:46 - HHH000204: Processing PersistenceUnitInfo [name: default]
2025-05-07 16:53:46 - HHH000412: Hibernate ORM core version 6.6.8.Final
2025-05-07 16:53:46 - HHH000026: Second-level cache disabled
2025-05-07 16:53:46 - No LoadTimeWeaver setup: ignoring JPA class transformer
2025-05-07 16:53:46 - HikariPool-1 - Starting...
2025-05-07 16:53:47 - HikariPool-1 - Added connection com.mysql.cj.jdbc.ConnectionImpl@3ce7490a
2025-05-07 16:53:47 - HikariPool-1 - Start completed.
2025-05-07 16:53:47 - HHH10001005: Database info:
	Database JDBC URL [Connecting through datasource 'HikariDataSource (HikariPool-1)']
	Database driver: undefined/unknown
	Database version: 8.4.3
	Autocommit mode: undefined/unknown
	Isolation level: undefined/unknown
	Minimum pool size: undefined/unknown
	Maximum pool size: undefined/unknown
2025-05-07 16:53:48 - HHH000489: No JTA platform available (set 'hibernate.transaction.jta.platform' to enable JTA platform integration)
2025-05-07 16:53:50 - Initialized JPA EntityManagerFactory for persistence unit 'default'
2025-05-07 16:53:50 - Hibernate is in classpath; If applicable, HQL parser will be used.
2025-05-07 16:53:51 - spring.jpa.open-in-view is enabled by default. Therefore, database queries may be performed during view rendering. Explicitly configure spring.jpa.open-in-view to disable this warning
2025-05-07 16:53:51 - Failed to set up a Bean Validation provider: jakarta.validation.NoProviderFoundException: Unable to create a Configuration, because no Jakarta Bean Validation provider could be found. Add a provider like Hibernate Validator (RI) to your classpath.
2025-05-07 16:53:51 - Tomcat started on port 8081 (http) with context path '/'
2025-05-07 16:53:51 - Started ProyectoFinalApiApplication in 6.198 seconds (process running for 6.624)
2025-05-07 16:54:08 - Initializing Spring DispatcherServlet 'dispatcherServlet'
2025-05-07 16:54:08 - Initializing Servlet 'dispatcherServlet'
2025-05-07 16:54:08 - Completed initialization in 1 ms
2025-05-07 16:54:08 - Solicitud para obtener todos los grupos.
2025-05-07 16:54:09 - Se encontraron 4 grupos en la base de datos.
2025-05-07 16:56:02 - Recogida del grupo especificado.
2025-05-07 17:08:35 - Application shutdown requested.
2025-05-07 17:08:35 - Commencing graceful shutdown. Waiting for active requests to complete
2025-05-07 17:08:35 - Graceful shutdown complete
2025-05-07 17:08:35 - Closing JPA EntityManagerFactory for persistence unit 'default'
2025-05-07 17:08:35 - HikariPool-1 - Shutdown initiated...
2025-05-07 17:08:35 - HikariPool-1 - Shutdown completed.
2025-05-07 17:25:55 - Starting ProyectoFinalApiApplication using Java 22.0.2 with PID 5368 (D:\TFGProyectos\APIProyectoFinalDWS\target\classes started by vspc in D:\TFGProyectos\APIProyectoFinalDWS)
2025-05-07 17:25:55 - No active profile set, falling back to 1 default profile: "default"
2025-05-07 17:25:55 - Bootstrapping Spring Data JPA repositories in DEFAULT mode.
2025-05-07 17:25:56 - Finished Spring Data repository scanning in 45 ms. Found 7 JPA repository interfaces.
2025-05-07 17:25:56 - Tomcat initialized with port 8081 (http)
2025-05-07 17:25:56 - Starting service [Tomcat]
2025-05-07 17:25:56 - Starting Servlet engine: [Apache Tomcat/10.1.36]
2025-05-07 17:25:56 - Initializing Spring embedded WebApplicationContext
2025-05-07 17:25:56 - Root WebApplicationContext: initialization completed in 798 ms
2025-05-07 17:25:56 - HHH000204: Processing PersistenceUnitInfo [name: default]
2025-05-07 17:25:56 - HHH000412: Hibernate ORM core version 6.6.8.Final
2025-05-07 17:25:56 - HHH000026: Second-level cache disabled
2025-05-07 17:25:56 - No LoadTimeWeaver setup: ignoring JPA class transformer
2025-05-07 17:25:56 - HikariPool-1 - Starting...
2025-05-07 17:25:57 - HikariPool-1 - Added connection com.mysql.cj.jdbc.ConnectionImpl@4fee14b
2025-05-07 17:25:57 - HikariPool-1 - Start completed.
2025-05-07 17:25:58 - HHH10001005: Database info:
	Database JDBC URL [Connecting through datasource 'HikariDataSource (HikariPool-1)']
	Database driver: undefined/unknown
	Database version: 8.4.3
	Autocommit mode: undefined/unknown
	Isolation level: undefined/unknown
	Minimum pool size: undefined/unknown
	Maximum pool size: undefined/unknown
2025-05-07 17:25:58 - HHH000489: No JTA platform available (set 'hibernate.transaction.jta.platform' to enable JTA platform integration)
2025-05-07 17:26:00 - Initialized JPA EntityManagerFactory for persistence unit 'default'
2025-05-07 17:26:00 - Hibernate is in classpath; If applicable, HQL parser will be used.
2025-05-07 17:26:01 - spring.jpa.open-in-view is enabled by default. Therefore, database queries may be performed during view rendering. Explicitly configure spring.jpa.open-in-view to disable this warning
2025-05-07 17:26:01 - Failed to set up a Bean Validation provider: jakarta.validation.NoProviderFoundException: Unable to create a Configuration, because no Jakarta Bean Validation provider could be found. Add a provider like Hibernate Validator (RI) to your classpath.
2025-05-07 17:26:01 - Tomcat started on port 8081 (http) with context path '/'
2025-05-07 17:26:01 - Started ProyectoFinalApiApplication in 6.344 seconds (process running for 6.775)
2025-05-07 17:26:08 - Initializing Spring DispatcherServlet 'dispatcherServlet'
2025-05-07 17:26:08 - Initializing Servlet 'dispatcherServlet'
2025-05-07 17:26:08 - Completed initialization in 1 ms
2025-05-07 17:26:08 - Solicitud para obtener todos los grupos.
2025-05-07 17:26:08 - Se encontraron 4 grupos en la base de datos.
2025-05-07 17:27:24 - Suscripcion al grupo.
2025-05-07 17:27:35 - Solicitud para obtener todos los grupos.
2025-05-07 17:27:36 - Se encontraron 4 grupos en la base de datos.
2025-05-07 17:27:38 - Recogida del grupo especificado.
2025-05-07 17:28:02 - Application shutdown requested.
2025-05-07 17:28:02 - Commencing graceful shutdown. Waiting for active requests to complete
2025-05-07 17:28:02 - Graceful shutdown complete
2025-05-07 17:28:02 - Closing JPA EntityManagerFactory for persistence unit 'default'
2025-05-07 17:28:02 - HikariPool-1 - Shutdown initiated...
2025-05-07 17:28:02 - HikariPool-1 - Shutdown completed.
2025-05-07 18:07:14 - Starting ProyectoFinalApiApplication using Java 22.0.2 with PID 6808 (D:\TFGProyectos\APIProyectoFinalDWS\target\classes started by vspc in D:\TFGProyectos\APIProyectoFinalDWS)
2025-05-07 18:07:14 - No active profile set, falling back to 1 default profile: "default"
2025-05-07 18:07:15 - Bootstrapping Spring Data JPA repositories in DEFAULT mode.
2025-05-07 18:07:15 - Finished Spring Data repository scanning in 44 ms. Found 7 JPA repository interfaces.
2025-05-07 18:07:15 - Tomcat initialized with port 8081 (http)
2025-05-07 18:07:15 - Starting service [Tomcat]
2025-05-07 18:07:15 - Starting Servlet engine: [Apache Tomcat/10.1.36]
2025-05-07 18:07:15 - Initializing Spring embedded WebApplicationContext
2025-05-07 18:07:15 - Root WebApplicationContext: initialization completed in 787 ms
2025-05-07 18:07:15 - HHH000204: Processing PersistenceUnitInfo [name: default]
2025-05-07 18:07:15 - HHH000412: Hibernate ORM core version 6.6.8.Final
2025-05-07 18:07:15 - HHH000026: Second-level cache disabled
2025-05-07 18:07:15 - No LoadTimeWeaver setup: ignoring JPA class transformer
2025-05-07 18:07:15 - HikariPool-1 - Starting...
2025-05-07 18:07:16 - HikariPool-1 - Added connection com.mysql.cj.jdbc.ConnectionImpl@73da7f08
2025-05-07 18:07:16 - HikariPool-1 - Start completed.
2025-05-07 18:07:16 - HHH10001005: Database info:
	Database JDBC URL [Connecting through datasource 'HikariDataSource (HikariPool-1)']
	Database driver: undefined/unknown
	Database version: 8.4.3
	Autocommit mode: undefined/unknown
	Isolation level: undefined/unknown
	Minimum pool size: undefined/unknown
	Maximum pool size: undefined/unknown
2025-05-07 18:07:17 - HHH000489: No JTA platform available (set 'hibernate.transaction.jta.platform' to enable JTA platform integration)
2025-05-07 18:07:19 - Initialized JPA EntityManagerFactory for persistence unit 'default'
2025-05-07 18:07:19 - Hibernate is in classpath; If applicable, HQL parser will be used.
2025-05-07 18:07:20 - spring.jpa.open-in-view is enabled by default. Therefore, database queries may be performed during view rendering. Explicitly configure spring.jpa.open-in-view to disable this warning
2025-05-07 18:07:20 - Failed to set up a Bean Validation provider: jakarta.validation.NoProviderFoundException: Unable to create a Configuration, because no Jakarta Bean Validation provider could be found. Add a provider like Hibernate Validator (RI) to your classpath.
2025-05-07 18:07:20 - Tomcat started on port 8081 (http) with context path '/'
2025-05-07 18:07:20 - Started ProyectoFinalApiApplication in 6.224 seconds (process running for 6.653)
2025-05-07 18:07:41 - Initializing Spring DispatcherServlet 'dispatcherServlet'
2025-05-07 18:07:41 - Initializing Servlet 'dispatcherServlet'
2025-05-07 18:07:41 - Completed initialization in 1 ms
2025-05-07 18:07:41 - Solicitud para obtener los grupos más numerosos recibida.
2025-05-07 18:07:41 - Grupos obtenidos exitosamente. Cantidad: 4
2025-05-07 18:07:51 - Inicio de sesión solicitado para el usuario: edu.proyectoFinalAPI.Dtos.UsuarioDto@17e4e173
2025-05-07 18:07:51 - Inicio de sesión exitoso para el usuario: edu.proyectoFinalAPI.Dtos.UsuarioPerfilDto@5ddba32b
2025-05-07 18:07:51 - Solicitud para obtener los grupos más numerosos recibida.
2025-05-07 18:07:51 - Grupos obtenidos exitosamente. Cantidad: 4
2025-05-07 18:07:54 - Recogida de todos los grupos.
2025-05-07 18:07:57 - Recogida del grupo especificado.
2025-05-07 18:08:11 - Solicitud para obtener los grupos más numerosos recibida.
2025-05-07 18:08:11 - Grupos obtenidos exitosamente. Cantidad: 4
2025-05-07 18:09:43 - Recogida de todos los grupos.
2025-05-07 18:09:45 - Recogida del grupo especificado.
2025-05-07 18:10:06 - Solicitud para obtener los grupos más numerosos recibida.
2025-05-07 18:10:07 - Grupos obtenidos exitosamente. Cantidad: 4
2025-05-07 18:21:10 - Solicitud para obtener los grupos más numerosos recibida.
2025-05-07 18:21:10 - Grupos obtenidos exitosamente. Cantidad: 4
2025-05-07 18:21:26 - Inicio de sesión solicitado para el usuario: edu.proyectoFinalAPI.Dtos.UsuarioDto@33bde087
2025-05-07 18:21:26 - Inicio de sesión exitoso para el usuario: edu.proyectoFinalAPI.Dtos.UsuarioPerfilDto@4a4ba518
2025-05-07 18:21:26 - Solicitud para obtener los grupos más numerosos recibida.
2025-05-07 18:21:27 - Grupos obtenidos exitosamente. Cantidad: 4
2025-05-07 18:21:29 - Recogida de todos los grupos.
2025-05-07 18:21:30 - Recogida del grupo especificado.
2025-05-07 18:21:50 - Recogida de todos los grupos.
2025-05-07 18:24:50 - Recogida de todos los grupos.
2025-05-07 18:27:03 - Solicitud para obtener los grupos más numerosos recibida.
2025-05-07 18:27:04 - Grupos obtenidos exitosamente. Cantidad: 4
2025-05-07 18:27:09 - Inicio de sesión solicitado para el usuario: edu.proyectoFinalAPI.Dtos.UsuarioDto@720e53bd
2025-05-07 18:27:09 - Inicio de sesión exitoso para el usuario: edu.proyectoFinalAPI.Dtos.UsuarioPerfilDto@251533d4
2025-05-07 18:27:09 - Solicitud para obtener los grupos más numerosos recibida.
2025-05-07 18:27:10 - Grupos obtenidos exitosamente. Cantidad: 4
2025-05-07 18:27:11 - Recogida de todos los grupos.
2025-05-07 18:29:09 - Recogida de todos los grupos.
2025-05-07 18:30:51 - Recogida de todos los grupos.
2025-05-07 18:31:25 - Recogida de todos los grupos.
2025-05-07 18:34:13 - Recogida de todos los grupos.
2025-05-07 18:35:10 - Solicitud para obtener los grupos más numerosos recibida.
2025-05-07 18:35:10 - Grupos obtenidos exitosamente. Cantidad: 4
2025-05-07 18:35:21 - Inicio de sesión solicitado para el usuario: edu.proyectoFinalAPI.Dtos.UsuarioDto@447966b0
2025-05-07 18:35:21 - Inicio de sesión exitoso para el usuario: edu.proyectoFinalAPI.Dtos.UsuarioPerfilDto@31141b39
2025-05-07 18:35:21 - Solicitud para obtener los grupos más numerosos recibida.
2025-05-07 18:35:22 - Grupos obtenidos exitosamente. Cantidad: 4
2025-05-07 18:35:23 - Solicitud para obtener todos los grupos.
2025-05-07 18:35:24 - Se encontraron 4 grupos en la base de datos.
2025-05-07 18:35:24 - Solicitud para obtener todos los usuarios.
2025-05-07 18:35:24 - Se encontraron 2 usuarios en la base de datos.
2025-05-07 18:35:28 - Solicitud para obtener los grupos más numerosos recibida.
2025-05-07 18:35:29 - Grupos obtenidos exitosamente. Cantidad: 4
2025-05-07 18:35:29 - Recogida de todos los grupos.
2025-05-07 18:35:31 - Recogida del grupo especificado.
2025-05-07 18:36:13 - Recogida del grupo especificado.
2025-05-07 18:40:04 - Application shutdown requested.
2025-05-07 18:40:04 - Commencing graceful shutdown. Waiting for active requests to complete
2025-05-07 18:40:04 - Graceful shutdown complete
2025-05-07 18:40:04 - Closing JPA EntityManagerFactory for persistence unit 'default'
2025-05-07 18:40:04 - HikariPool-1 - Shutdown initiated...
2025-05-07 18:40:10 - Starting ProyectoFinalApiApplication using Java 22.0.2 with PID 16084 (D:\TFGProyectos\APIProyectoFinalDWS\target\classes started by vspc in D:\TFGProyectos\APIProyectoFinalDWS)
2025-05-07 18:40:10 - No active profile set, falling back to 1 default profile: "default"
2025-05-07 18:40:10 - Bootstrapping Spring Data JPA repositories in DEFAULT mode.
2025-05-07 18:40:10 - Finished Spring Data repository scanning in 45 ms. Found 7 JPA repository interfaces.
2025-05-07 18:40:11 - Tomcat initialized with port 8081 (http)
2025-05-07 18:40:11 - Starting service [Tomcat]
2025-05-07 18:40:11 - Starting Servlet engine: [Apache Tomcat/10.1.36]
2025-05-07 18:40:11 - Initializing Spring embedded WebApplicationContext
2025-05-07 18:40:11 - Root WebApplicationContext: initialization completed in 793 ms
2025-05-07 18:40:11 - HHH000204: Processing PersistenceUnitInfo [name: default]
2025-05-07 18:40:11 - HHH000412: Hibernate ORM core version 6.6.8.Final
2025-05-07 18:40:11 - HHH000026: Second-level cache disabled
2025-05-07 18:40:11 - No LoadTimeWeaver setup: ignoring JPA class transformer
2025-05-07 18:40:11 - HikariPool-1 - Starting...
2025-05-07 18:40:12 - HikariPool-1 - Added connection com.mysql.cj.jdbc.ConnectionImpl@4fee14b
2025-05-07 18:40:12 - HikariPool-1 - Start completed.
2025-05-07 18:40:12 - HHH10001005: Database info:
	Database JDBC URL [Connecting through datasource 'HikariDataSource (HikariPool-1)']
	Database driver: undefined/unknown
	Database version: 8.4.3
	Autocommit mode: undefined/unknown
	Isolation level: undefined/unknown
	Minimum pool size: undefined/unknown
	Maximum pool size: undefined/unknown
2025-05-07 18:40:13 - HHH000489: No JTA platform available (set 'hibernate.transaction.jta.platform' to enable JTA platform integration)
2025-05-07 18:40:14 - Initialized JPA EntityManagerFactory for persistence unit 'default'
2025-05-07 18:40:15 - Hibernate is in classpath; If applicable, HQL parser will be used.
2025-05-07 18:40:15 - spring.jpa.open-in-view is enabled by default. Therefore, database queries may be performed during view rendering. Explicitly configure spring.jpa.open-in-view to disable this warning
2025-05-07 18:40:15 - Failed to set up a Bean Validation provider: jakarta.validation.NoProviderFoundException: Unable to create a Configuration, because no Jakarta Bean Validation provider could be found. Add a provider like Hibernate Validator (RI) to your classpath.
2025-05-07 18:40:16 - Tomcat started on port 8081 (http) with context path '/'
2025-05-07 18:40:16 - Started ProyectoFinalApiApplication in 6.091 seconds (process running for 6.518)
2025-05-07 18:40:28 - Initializing Spring DispatcherServlet 'dispatcherServlet'
2025-05-07 18:40:28 - Initializing Servlet 'dispatcherServlet'
2025-05-07 18:40:28 - Completed initialization in 1 ms
2025-05-07 18:40:28 - Solicitud para obtener los grupos más numerosos recibida.
2025-05-07 18:40:29 - Grupos obtenidos exitosamente. Cantidad: 4
2025-05-07 18:40:36 - Inicio de sesión solicitado para el usuario: edu.proyectoFinalAPI.Dtos.UsuarioDto@31fc6a2f
2025-05-07 18:40:36 - Inicio de sesión exitoso para el usuario: edu.proyectoFinalAPI.Dtos.UsuarioPerfilDto@33567f95
2025-05-07 18:40:36 - Solicitud para obtener los grupos más numerosos recibida.
2025-05-07 18:40:37 - Grupos obtenidos exitosamente. Cantidad: 4
2025-05-07 18:40:38 - Recogida de todos los grupos.
2025-05-07 18:40:40 - Recogida del grupo especificado.
2025-05-07 18:43:26 - Application shutdown requested.
2025-05-07 18:43:26 - Commencing graceful shutdown. Waiting for active requests to complete
2025-05-07 18:43:26 - Graceful shutdown complete
2025-05-07 18:43:26 - Closing JPA EntityManagerFactory for persistence unit 'default'
2025-05-07 18:43:26 - HikariPool-1 - Shutdown initiated...
2025-05-07 18:43:27 - HikariPool-1 - Shutdown completed.
2025-05-07 18:43:34 - Starting ProyectoFinalApiApplication using Java 22.0.2 with PID 5748 (D:\TFGProyectos\APIProyectoFinalDWS\target\classes started by vspc in D:\TFGProyectos\APIProyectoFinalDWS)
2025-05-07 18:43:34 - No active profile set, falling back to 1 default profile: "default"
2025-05-07 18:43:35 - Bootstrapping Spring Data JPA repositories in DEFAULT mode.
2025-05-07 18:43:35 - Finished Spring Data repository scanning in 42 ms. Found 7 JPA repository interfaces.
2025-05-07 18:43:35 - Tomcat initialized with port 8081 (http)
2025-05-07 18:43:35 - Starting service [Tomcat]
2025-05-07 18:43:35 - Starting Servlet engine: [Apache Tomcat/10.1.36]
2025-05-07 18:43:35 - Initializing Spring embedded WebApplicationContext
2025-05-07 18:43:35 - Root WebApplicationContext: initialization completed in 779 ms
2025-05-07 18:43:35 - HHH000204: Processing PersistenceUnitInfo [name: default]
2025-05-07 18:43:35 - HHH000412: Hibernate ORM core version 6.6.8.Final
2025-05-07 18:43:35 - HHH000026: Second-level cache disabled
2025-05-07 18:43:36 - No LoadTimeWeaver setup: ignoring JPA class transformer
2025-05-07 18:43:36 - HikariPool-1 - Starting...
2025-05-07 18:43:36 - HikariPool-1 - Added connection com.mysql.cj.jdbc.ConnectionImpl@11c3d22f
2025-05-07 18:43:36 - HikariPool-1 - Start completed.
2025-05-07 18:43:37 - HHH10001005: Database info:
	Database JDBC URL [Connecting through datasource 'HikariDataSource (HikariPool-1)']
	Database driver: undefined/unknown
	Database version: 8.4.3
	Autocommit mode: undefined/unknown
	Isolation level: undefined/unknown
	Minimum pool size: undefined/unknown
	Maximum pool size: undefined/unknown
2025-05-07 18:43:37 - HHH000489: No JTA platform available (set 'hibernate.transaction.jta.platform' to enable JTA platform integration)
2025-05-07 18:43:39 - Initialized JPA EntityManagerFactory for persistence unit 'default'
2025-05-07 18:43:39 - Hibernate is in classpath; If applicable, HQL parser will be used.
2025-05-07 18:43:40 - spring.jpa.open-in-view is enabled by default. Therefore, database queries may be performed during view rendering. Explicitly configure spring.jpa.open-in-view to disable this warning
2025-05-07 18:43:40 - Failed to set up a Bean Validation provider: jakarta.validation.NoProviderFoundException: Unable to create a Configuration, because no Jakarta Bean Validation provider could be found. Add a provider like Hibernate Validator (RI) to your classpath.
2025-05-07 18:43:40 - Tomcat started on port 8081 (http) with context path '/'
2025-05-07 18:43:40 - Started ProyectoFinalApiApplication in 6.194 seconds (process running for 6.614)
2025-05-07 18:43:54 - Initializing Spring DispatcherServlet 'dispatcherServlet'
2025-05-07 18:43:54 - Initializing Servlet 'dispatcherServlet'
2025-05-07 18:43:54 - Completed initialization in 1 ms
2025-05-07 18:43:54 - Solicitud para obtener los grupos más numerosos recibida.
2025-05-07 18:43:54 - Grupos obtenidos exitosamente. Cantidad: 4
2025-05-07 18:45:17 - Application shutdown requested.
2025-05-07 18:45:17 - Commencing graceful shutdown. Waiting for active requests to complete
2025-05-07 18:45:17 - Graceful shutdown complete
2025-05-07 18:45:17 - Closing JPA EntityManagerFactory for persistence unit 'default'
2025-05-07 18:45:17 - HikariPool-1 - Shutdown initiated...
2025-05-07 18:45:17 - HikariPool-1 - Shutdown completed.
2025-05-07 18:46:54 - Starting ProyectoFinalApiApplication using Java 22.0.2 with PID 12056 (D:\TFGProyectos\APIProyectoFinalDWS\target\classes started by vspc in D:\TFGProyectos\APIProyectoFinalDWS)
2025-05-07 18:46:54 - No active profile set, falling back to 1 default profile: "default"
2025-05-07 18:46:55 - Bootstrapping Spring Data JPA repositories in DEFAULT mode.
2025-05-07 18:46:55 - Finished Spring Data repository scanning in 43 ms. Found 7 JPA repository interfaces.
2025-05-07 18:46:55 - Tomcat initialized with port 8081 (http)
2025-05-07 18:46:55 - Starting service [Tomcat]
2025-05-07 18:46:55 - Starting Servlet engine: [Apache Tomcat/10.1.36]
2025-05-07 18:46:55 - Initializing Spring embedded WebApplicationContext
2025-05-07 18:46:55 - Root WebApplicationContext: initialization completed in 784 ms
2025-05-07 18:46:55 - HHH000204: Processing PersistenceUnitInfo [name: default]
2025-05-07 18:46:55 - HHH000412: Hibernate ORM core version 6.6.8.Final
2025-05-07 18:46:55 - HHH000026: Second-level cache disabled
2025-05-07 18:46:56 - No LoadTimeWeaver setup: ignoring JPA class transformer
2025-05-07 18:46:56 - HikariPool-1 - Starting...
2025-05-07 18:46:56 - HikariPool-1 - Added connection com.mysql.cj.jdbc.ConnectionImpl@7573c7b5
2025-05-07 18:46:56 - HikariPool-1 - Start completed.
2025-05-07 18:46:57 - HHH10001005: Database info:
	Database JDBC URL [Connecting through datasource 'HikariDataSource (HikariPool-1)']
	Database driver: undefined/unknown
	Database version: 8.4.3
	Autocommit mode: undefined/unknown
	Isolation level: undefined/unknown
	Minimum pool size: undefined/unknown
	Maximum pool size: undefined/unknown
2025-05-07 18:46:57 - HHH000489: No JTA platform available (set 'hibernate.transaction.jta.platform' to enable JTA platform integration)
2025-05-07 18:46:59 - Initialized JPA EntityManagerFactory for persistence unit 'default'
2025-05-07 18:46:59 - Hibernate is in classpath; If applicable, HQL parser will be used.
2025-05-07 18:47:00 - spring.jpa.open-in-view is enabled by default. Therefore, database queries may be performed during view rendering. Explicitly configure spring.jpa.open-in-view to disable this warning
2025-05-07 18:47:00 - Failed to set up a Bean Validation provider: jakarta.validation.NoProviderFoundException: Unable to create a Configuration, because no Jakarta Bean Validation provider could be found. Add a provider like Hibernate Validator (RI) to your classpath.
2025-05-07 18:47:00 - Tomcat started on port 8081 (http) with context path '/'
2025-05-07 18:47:00 - Started ProyectoFinalApiApplication in 6.187 seconds (process running for 6.605)
2025-05-07 18:47:12 - Initializing Spring DispatcherServlet 'dispatcherServlet'
2025-05-07 18:47:12 - Initializing Servlet 'dispatcherServlet'
2025-05-07 18:47:12 - Completed initialization in 1 ms
2025-05-07 18:47:12 - Solicitud para obtener los grupos más numerosos recibida.
2025-05-07 18:47:13 - Grupos obtenidos exitosamente. Cantidad: 4
2025-05-07 18:47:18 - Inicio de sesión solicitado para el usuario: edu.proyectoFinalAPI.Dtos.UsuarioDto@52293b2
2025-05-07 18:47:18 - Inicio de sesión exitoso para el usuario: edu.proyectoFinalAPI.Dtos.UsuarioPerfilDto@3348e837
2025-05-07 18:47:18 - Solicitud para obtener los grupos más numerosos recibida.
2025-05-07 18:47:19 - Grupos obtenidos exitosamente. Cantidad: 4
2025-05-07 18:47:20 - Recogida de todos los grupos.
2025-05-07 18:47:22 - Recogida del grupo especificado.
2025-05-07 18:50:26 - Recogida de todos los grupos.
2025-05-07 18:51:06 - Recogida de todos los grupos.
2025-05-07 18:51:08 - Recogida del grupo especificado.
2025-05-07 18:52:29 - Recogida del grupo especificado.
2025-05-07 18:52:33 - Recogida de todos los grupos.
2025-05-07 18:52:35 - Recogida del grupo especificado.
2025-05-07 18:53:41 - Solicitud para obtener los grupos más numerosos recibida.
2025-05-07 18:53:41 - Grupos obtenidos exitosamente. Cantidad: 4
2025-05-07 18:53:58 - Inicio de sesión solicitado para el usuario: edu.proyectoFinalAPI.Dtos.UsuarioDto@337441c7
2025-05-07 18:53:59 - Inicio de sesión exitoso para el usuario: edu.proyectoFinalAPI.Dtos.UsuarioPerfilDto@543c3083
2025-05-07 18:53:59 - Solicitud para obtener los grupos más numerosos recibida.
2025-05-07 18:53:59 - Grupos obtenidos exitosamente. Cantidad: 4
2025-05-07 18:54:01 - Recogida de todos los grupos.
2025-05-07 18:54:02 - Recogida del grupo especificado.
2025-05-07 18:55:13 - Solicitud para obtener los grupos más numerosos recibida.
2025-05-07 18:55:14 - Grupos obtenidos exitosamente. Cantidad: 4
2025-05-07 18:55:19 - Inicio de sesión solicitado para el usuario: edu.proyectoFinalAPI.Dtos.UsuarioDto@46d24e02
2025-05-07 18:55:19 - Inicio de sesión exitoso para el usuario: edu.proyectoFinalAPI.Dtos.UsuarioPerfilDto@56d44e70
2025-05-07 18:55:19 - Solicitud para obtener los grupos más numerosos recibida.
2025-05-07 18:55:20 - Grupos obtenidos exitosamente. Cantidad: 4
2025-05-07 18:55:21 - Recogida de todos los grupos.
2025-05-07 18:55:22 - Recogida del grupo especificado.
2025-05-07 18:55:33 - Recogida del grupo especificado.
2025-05-07 18:55:34 - Recogida del grupo especificado.
2025-05-07 18:55:37 - Recogida del grupo especificado.
2025-05-07 19:00:59 - Solicitud para obtener los grupos más numerosos recibida.
2025-05-07 19:01:00 - Grupos obtenidos exitosamente. Cantidad: 4
2025-05-07 19:01:00 - Solicitud para obtener los grupos más numerosos recibida.
2025-05-07 19:01:01 - Grupos obtenidos exitosamente. Cantidad: 4
2025-05-07 19:01:06 - Inicio de sesión solicitado para el usuario: edu.proyectoFinalAPI.Dtos.UsuarioDto@2f580732
2025-05-07 19:01:06 - Inicio de sesión exitoso para el usuario: edu.proyectoFinalAPI.Dtos.UsuarioPerfilDto@284d6065
2025-05-07 19:01:06 - Solicitud para obtener los grupos más numerosos recibida.
2025-05-07 19:01:07 - Grupos obtenidos exitosamente. Cantidad: 4
2025-05-07 19:01:09 - Recogida de todos los grupos.
2025-05-07 19:02:20 - Solicitud para obtener los grupos más numerosos recibida.
2025-05-07 19:02:20 - Grupos obtenidos exitosamente. Cantidad: 4
2025-05-07 19:02:22 - Recogida de todos los grupos.
2025-05-07 19:02:25 - Recogida de todos los grupos.
2025-05-07 19:02:32 - Solicitud para obtener los grupos más numerosos recibida.
2025-05-07 19:02:33 - Grupos obtenidos exitosamente. Cantidad: 4
2025-05-07 19:03:20 - Solicitud para obtener los grupos más numerosos recibida.
2025-05-07 19:03:20 - Grupos obtenidos exitosamente. Cantidad: 4
2025-05-07 19:03:31 - Inicio de sesión solicitado para el usuario: edu.proyectoFinalAPI.Dtos.UsuarioDto@4c53550c
2025-05-07 19:03:31 - Inicio de sesión exitoso para el usuario: edu.proyectoFinalAPI.Dtos.UsuarioPerfilDto@53ee385c
2025-05-07 19:03:31 - Solicitud para obtener los grupos más numerosos recibida.
2025-05-07 19:03:32 - Grupos obtenidos exitosamente. Cantidad: 4
2025-05-07 19:03:33 - Recogida de todos los grupos.
2025-05-07 19:03:34 - Recogida del grupo especificado.
2025-05-07 19:07:23 - Solicitud para obtener los grupos más numerosos recibida.
2025-05-07 19:07:24 - Grupos obtenidos exitosamente. Cantidad: 4
2025-05-07 19:07:31 - Inicio de sesión solicitado para el usuario: edu.proyectoFinalAPI.Dtos.UsuarioDto@1e31d564
2025-05-07 19:07:31 - Inicio de sesión exitoso para el usuario: edu.proyectoFinalAPI.Dtos.UsuarioPerfilDto@65db403b
2025-05-07 19:07:31 - Solicitud para obtener los grupos más numerosos recibida.
2025-05-07 19:07:31 - Grupos obtenidos exitosamente. Cantidad: 4
2025-05-07 19:07:32 - Recogida de todos los grupos.
2025-05-07 19:07:36 - Recogida del grupo especificado.
2025-05-07 19:11:35 - Solicitud para obtener los grupos más numerosos recibida.
2025-05-07 19:11:35 - Grupos obtenidos exitosamente. Cantidad: 4
2025-05-07 19:11:42 - Inicio de sesión solicitado para el usuario: edu.proyectoFinalAPI.Dtos.UsuarioDto@23ac782d
2025-05-07 19:11:42 - Inicio de sesión exitoso para el usuario: edu.proyectoFinalAPI.Dtos.UsuarioPerfilDto@125e78c7
2025-05-07 19:11:42 - Solicitud para obtener los grupos más numerosos recibida.
2025-05-07 19:11:42 - Grupos obtenidos exitosamente. Cantidad: 4
2025-05-07 19:11:44 - Recogida de todos los grupos.
2025-05-07 19:11:45 - Recogida del grupo especificado.
2025-05-07 19:11:54 - Solicitud para obtener los grupos más numerosos recibida.
2025-05-07 19:11:55 - Grupos obtenidos exitosamente. Cantidad: 4
2025-05-07 19:11:57 - Application shutdown requested.
2025-05-07 19:11:57 - Commencing graceful shutdown. Waiting for active requests to complete
2025-05-07 19:11:57 - Graceful shutdown complete
2025-05-07 19:11:57 - Closing JPA EntityManagerFactory for persistence unit 'default'
2025-05-07 19:11:57 - HikariPool-1 - Shutdown initiated...
2025-05-07 19:13:09 - Starting ProyectoFinalApiApplication using Java 22.0.2 with PID 4964 (D:\TFGProyectos\APIProyectoFinalDWS\target\classes started by vspc in D:\TFGProyectos\APIProyectoFinalDWS)
2025-05-07 19:13:09 - No active profile set, falling back to 1 default profile: "default"
2025-05-07 19:13:09 - Bootstrapping Spring Data JPA repositories in DEFAULT mode.
2025-05-07 19:13:09 - Finished Spring Data repository scanning in 46 ms. Found 7 JPA repository interfaces.
2025-05-07 19:13:10 - Tomcat initialized with port 8081 (http)
2025-05-07 19:13:10 - Starting service [Tomcat]
2025-05-07 19:13:10 - Starting Servlet engine: [Apache Tomcat/10.1.36]
2025-05-07 19:13:10 - Initializing Spring embedded WebApplicationContext
2025-05-07 19:13:10 - Root WebApplicationContext: initialization completed in 855 ms
2025-05-07 19:13:10 - HHH000204: Processing PersistenceUnitInfo [name: default]
2025-05-07 19:13:10 - HHH000412: Hibernate ORM core version 6.6.8.Final
2025-05-07 19:13:10 - HHH000026: Second-level cache disabled
2025-05-07 19:13:10 - No LoadTimeWeaver setup: ignoring JPA class transformer
2025-05-07 19:13:10 - HikariPool-1 - Starting...
2025-05-07 19:13:11 - HikariPool-1 - Added connection com.mysql.cj.jdbc.ConnectionImpl@11c3d22f
2025-05-07 19:13:11 - HikariPool-1 - Start completed.
2025-05-07 19:13:11 - HHH10001005: Database info:
	Database JDBC URL [Connecting through datasource 'HikariDataSource (HikariPool-1)']
	Database driver: undefined/unknown
	Database version: 8.4.3
	Autocommit mode: undefined/unknown
	Isolation level: undefined/unknown
	Minimum pool size: undefined/unknown
	Maximum pool size: undefined/unknown
2025-05-07 19:13:12 - HHH000489: No JTA platform available (set 'hibernate.transaction.jta.platform' to enable JTA platform integration)
2025-05-07 19:13:13 - Initialized JPA EntityManagerFactory for persistence unit 'default'
2025-05-07 19:13:14 - Hibernate is in classpath; If applicable, HQL parser will be used.
2025-05-07 19:13:14 - spring.jpa.open-in-view is enabled by default. Therefore, database queries may be performed during view rendering. Explicitly configure spring.jpa.open-in-view to disable this warning
2025-05-07 19:13:14 - Failed to set up a Bean Validation provider: jakarta.validation.NoProviderFoundException: Unable to create a Configuration, because no Jakarta Bean Validation provider could be found. Add a provider like Hibernate Validator (RI) to your classpath.
2025-05-07 19:13:15 - Tomcat started on port 8081 (http) with context path '/'
2025-05-07 19:13:15 - Started ProyectoFinalApiApplication in 6.289 seconds (process running for 6.734)
2025-05-07 19:18:43 - Application shutdown requested.
2025-05-07 19:18:43 - Commencing graceful shutdown. Waiting for active requests to complete
2025-05-07 19:18:43 - Graceful shutdown complete
2025-05-07 19:18:43 - Closing JPA EntityManagerFactory for persistence unit 'default'
2025-05-07 19:18:43 - HikariPool-1 - Shutdown initiated...
2025-05-07 19:18:44 - HikariPool-1 - Shutdown completed.
2025-05-07 19:18:51 - Starting ProyectoFinalApiApplication using Java 22.0.2 with PID 16028 (D:\TFGProyectos\APIProyectoFinalDWS\target\classes started by vspc in D:\TFGProyectos\APIProyectoFinalDWS)
2025-05-07 19:18:51 - No active profile set, falling back to 1 default profile: "default"
2025-05-07 19:18:51 - Bootstrapping Spring Data JPA repositories in DEFAULT mode.
2025-05-07 19:18:51 - Finished Spring Data repository scanning in 43 ms. Found 7 JPA repository interfaces.
2025-05-07 19:18:51 - Tomcat initialized with port 8081 (http)
2025-05-07 19:18:51 - Starting service [Tomcat]
2025-05-07 19:18:51 - Starting Servlet engine: [Apache Tomcat/10.1.36]
2025-05-07 19:18:51 - Initializing Spring embedded WebApplicationContext
2025-05-07 19:18:51 - Root WebApplicationContext: initialization completed in 784 ms
2025-05-07 19:18:51 - HHH000204: Processing PersistenceUnitInfo [name: default]
2025-05-07 19:18:51 - HHH000412: Hibernate ORM core version 6.6.8.Final
2025-05-07 19:18:52 - HHH000026: Second-level cache disabled
2025-05-07 19:18:52 - No LoadTimeWeaver setup: ignoring JPA class transformer
2025-05-07 19:18:52 - HikariPool-1 - Starting...
2025-05-07 19:18:53 - HikariPool-1 - Added connection com.mysql.cj.jdbc.ConnectionImpl@4fee14b
2025-05-07 19:18:53 - HikariPool-1 - Start completed.
2025-05-07 19:18:53 - HHH10001005: Database info:
	Database JDBC URL [Connecting through datasource 'HikariDataSource (HikariPool-1)']
	Database driver: undefined/unknown
	Database version: 8.4.3
	Autocommit mode: undefined/unknown
	Isolation level: undefined/unknown
	Minimum pool size: undefined/unknown
	Maximum pool size: undefined/unknown
2025-05-07 19:18:53 - HHH000489: No JTA platform available (set 'hibernate.transaction.jta.platform' to enable JTA platform integration)
2025-05-07 19:18:55 - Initialized JPA EntityManagerFactory for persistence unit 'default'
2025-05-07 19:18:55 - Hibernate is in classpath; If applicable, HQL parser will be used.
2025-05-07 19:18:56 - spring.jpa.open-in-view is enabled by default. Therefore, database queries may be performed during view rendering. Explicitly configure spring.jpa.open-in-view to disable this warning
2025-05-07 19:18:56 - Failed to set up a Bean Validation provider: jakarta.validation.NoProviderFoundException: Unable to create a Configuration, because no Jakarta Bean Validation provider could be found. Add a provider like Hibernate Validator (RI) to your classpath.
2025-05-07 19:18:56 - Tomcat started on port 8081 (http) with context path '/'
2025-05-07 19:18:56 - Started ProyectoFinalApiApplication in 6.12 seconds (process running for 6.545)
2025-05-07 19:19:56 - Initializing Spring DispatcherServlet 'dispatcherServlet'
2025-05-07 19:19:56 - Initializing Servlet 'dispatcherServlet'
2025-05-07 19:19:56 - Completed initialization in 1 ms
2025-05-07 19:19:56 - Solicitud para obtener los grupos más numerosos recibida.
2025-05-07 19:19:57 - Grupos obtenidos exitosamente. Cantidad: 4
2025-05-07 19:20:03 - Inicio de sesión solicitado para el usuario: edu.proyectoFinalAPI.Dtos.UsuarioDto@12c61072
2025-05-07 19:20:03 - Inicio de sesión exitoso para el usuario: edu.proyectoFinalAPI.Dtos.UsuarioPerfilDto@569c64b8
2025-05-07 19:20:03 - Solicitud para obtener los grupos más numerosos recibida.
2025-05-07 19:20:03 - Grupos obtenidos exitosamente. Cantidad: 4
2025-05-07 19:20:05 - Recogida de todos los grupos.
2025-05-07 19:20:06 - Recogida del grupo especificado.
2025-05-07 19:21:58 - Solicitud para obtener los grupos más numerosos recibida.
2025-05-07 19:21:58 - Grupos obtenidos exitosamente. Cantidad: 4
2025-05-07 19:22:02 - Solicitud para obtener los grupos más numerosos recibida.
2025-05-07 19:22:02 - Grupos obtenidos exitosamente. Cantidad: 4
2025-05-07 19:22:11 - Inicio de sesión solicitado para el usuario: edu.proyectoFinalAPI.Dtos.UsuarioDto@166a049f
2025-05-07 19:22:11 - Inicio de sesión exitoso para el usuario: edu.proyectoFinalAPI.Dtos.UsuarioPerfilDto@12b67b93
2025-05-07 19:22:12 - Solicitud para obtener los grupos más numerosos recibida.
2025-05-07 19:22:12 - Grupos obtenidos exitosamente. Cantidad: 4
2025-05-07 19:22:13 - Recogida de todos los grupos.
2025-05-07 19:22:15 - Recogida del grupo especificado.
2025-05-07 19:28:17 - Recogida del grupo especificado.
2025-05-07 19:28:20 - Solicitud para obtener los grupos más numerosos recibida.
2025-05-07 19:28:20 - Grupos obtenidos exitosamente. Cantidad: 4
2025-05-07 19:28:26 - Recogida de todos los grupos.
2025-05-07 19:28:28 - Recogida del grupo especificado.
2025-05-07 19:29:16 - Application shutdown requested.
2025-05-07 19:29:16 - Commencing graceful shutdown. Waiting for active requests to complete
2025-05-07 19:29:16 - Graceful shutdown complete
2025-05-07 19:29:16 - Closing JPA EntityManagerFactory for persistence unit 'default'
2025-05-07 19:29:16 - HikariPool-1 - Shutdown initiated...
2025-05-07 19:29:17 - HikariPool-1 - Shutdown completed.
2025-05-07 19:30:26 - Starting ProyectoFinalApiApplication using Java 22.0.2 with PID 4272 (D:\TFGProyectos\APIProyectoFinalDWS\target\classes started by vspc in D:\TFGProyectos\APIProyectoFinalDWS)
2025-05-07 19:30:26 - No active profile set, falling back to 1 default profile: "default"
2025-05-07 19:30:26 - Bootstrapping Spring Data JPA repositories in DEFAULT mode.
2025-05-07 19:30:26 - Finished Spring Data repository scanning in 47 ms. Found 7 JPA repository interfaces.
2025-05-07 19:30:27 - Tomcat initialized with port 8081 (http)
2025-05-07 19:30:27 - Starting service [Tomcat]
2025-05-07 19:30:27 - Starting Servlet engine: [Apache Tomcat/10.1.36]
2025-05-07 19:30:27 - Initializing Spring embedded WebApplicationContext
2025-05-07 19:30:27 - Root WebApplicationContext: initialization completed in 827 ms
2025-05-07 19:30:27 - HHH000204: Processing PersistenceUnitInfo [name: default]
2025-05-07 19:30:27 - HHH000412: Hibernate ORM core version 6.6.8.Final
2025-05-07 19:30:27 - HHH000026: Second-level cache disabled
2025-05-07 19:30:27 - No LoadTimeWeaver setup: ignoring JPA class transformer
2025-05-07 19:30:27 - HikariPool-1 - Starting...
2025-05-07 19:30:28 - HikariPool-1 - Added connection com.mysql.cj.jdbc.ConnectionImpl@4fee14b
2025-05-07 19:30:28 - HikariPool-1 - Start completed.
2025-05-07 19:30:28 - HHH10001005: Database info:
	Database JDBC URL [Connecting through datasource 'HikariDataSource (HikariPool-1)']
	Database driver: undefined/unknown
	Database version: 8.4.3
	Autocommit mode: undefined/unknown
	Isolation level: undefined/unknown
	Minimum pool size: undefined/unknown
	Maximum pool size: undefined/unknown
2025-05-07 19:30:29 - HHH000489: No JTA platform available (set 'hibernate.transaction.jta.platform' to enable JTA platform integration)
2025-05-07 19:30:31 - Initialized JPA EntityManagerFactory for persistence unit 'default'
2025-05-07 19:30:31 - Hibernate is in classpath; If applicable, HQL parser will be used.
2025-05-07 19:30:32 - spring.jpa.open-in-view is enabled by default. Therefore, database queries may be performed during view rendering. Explicitly configure spring.jpa.open-in-view to disable this warning
2025-05-07 19:30:32 - Failed to set up a Bean Validation provider: jakarta.validation.NoProviderFoundException: Unable to create a Configuration, because no Jakarta Bean Validation provider could be found. Add a provider like Hibernate Validator (RI) to your classpath.
2025-05-07 19:30:32 - Tomcat started on port 8081 (http) with context path '/'
2025-05-07 19:30:32 - Started ProyectoFinalApiApplication in 6.201 seconds (process running for 6.64)
2025-05-07 19:30:47 - Initializing Spring DispatcherServlet 'dispatcherServlet'
2025-05-07 19:30:47 - Initializing Servlet 'dispatcherServlet'
2025-05-07 19:30:47 - Completed initialization in 1 ms
2025-05-07 19:30:47 - Solicitud para obtener los grupos más numerosos recibida.
2025-05-07 19:30:48 - Grupos obtenidos exitosamente. Cantidad: 4
2025-05-07 19:31:00 - Inicio de sesión solicitado para el usuario: edu.proyectoFinalAPI.Dtos.UsuarioDto@3f96e9b0
2025-05-07 19:31:00 - Inicio de sesión exitoso para el usuario: edu.proyectoFinalAPI.Dtos.UsuarioPerfilDto@712542c5
2025-05-07 19:31:00 - Solicitud para obtener los grupos más numerosos recibida.
2025-05-07 19:31:01 - Grupos obtenidos exitosamente. Cantidad: 4
2025-05-07 19:31:09 - Recogida de todos los grupos.
2025-05-07 19:31:11 - Recogida del grupo especificado.
2025-05-07 19:32:14 - Solicitud para obtener los grupos más numerosos recibida.
2025-05-07 19:32:14 - Grupos obtenidos exitosamente. Cantidad: 4
2025-05-07 19:32:23 - Inicio de sesión solicitado para el usuario: edu.proyectoFinalAPI.Dtos.UsuarioDto@3d7a2469
2025-05-07 19:32:23 - Inicio de sesión exitoso para el usuario: edu.proyectoFinalAPI.Dtos.UsuarioPerfilDto@26661525
2025-05-07 19:32:24 - Solicitud para obtener los grupos más numerosos recibida.
2025-05-07 19:32:24 - Grupos obtenidos exitosamente. Cantidad: 4
2025-05-07 19:32:25 - Recogida de todos los grupos.
2025-05-07 19:32:27 - Recogida del grupo especificado.
2025-05-07 19:40:28 - Solicitud para obtener los grupos más numerosos recibida.
2025-05-07 19:40:29 - Grupos obtenidos exitosamente. Cantidad: 4
2025-05-07 19:40:34 - Inicio de sesión solicitado para el usuario: edu.proyectoFinalAPI.Dtos.UsuarioDto@273c801a
2025-05-07 19:40:34 - Inicio de sesión exitoso para el usuario: edu.proyectoFinalAPI.Dtos.UsuarioPerfilDto@11caed79
2025-05-07 19:40:34 - Solicitud para obtener los grupos más numerosos recibida.
2025-05-07 19:40:34 - Grupos obtenidos exitosamente. Cantidad: 4
2025-05-07 19:40:35 - Recogida de todos los grupos.
2025-05-07 19:40:38 - Recogida del grupo especificado.
2025-05-07 19:40:53 - Solicitud para obtener los grupos más numerosos recibida.
2025-05-07 19:40:53 - Grupos obtenidos exitosamente. Cantidad: 4
2025-05-07 19:40:55 - Recogida de todos los grupos.
2025-05-07 19:40:58 - Recogida del grupo especificado.
2025-05-07 19:42:13 - Solicitud para obtener los grupos más numerosos recibida.
2025-05-07 19:42:13 - Grupos obtenidos exitosamente. Cantidad: 4
2025-05-07 19:42:25 - Inicio de sesión solicitado para el usuario: edu.proyectoFinalAPI.Dtos.UsuarioDto@1037aded
2025-05-07 19:42:25 - Inicio de sesión exitoso para el usuario: edu.proyectoFinalAPI.Dtos.UsuarioPerfilDto@1baa7c0
2025-05-07 19:42:25 - Solicitud para obtener los grupos más numerosos recibida.
2025-05-07 19:42:25 - Grupos obtenidos exitosamente. Cantidad: 4
2025-05-07 19:42:28 - Recogida de todos los grupos.
2025-05-07 19:42:30 - Recogida del grupo especificado.
2025-05-07 19:49:58 - Solicitud para obtener los grupos más numerosos recibida.
2025-05-07 19:49:59 - Grupos obtenidos exitosamente. Cantidad: 4
2025-05-07 19:50:05 - Inicio de sesión solicitado para el usuario: edu.proyectoFinalAPI.Dtos.UsuarioDto@2858cb2f
2025-05-07 19:50:05 - Inicio de sesión exitoso para el usuario: edu.proyectoFinalAPI.Dtos.UsuarioPerfilDto@7ace837b
2025-05-07 19:50:05 - Solicitud para obtener los grupos más numerosos recibida.
2025-05-07 19:50:05 - Grupos obtenidos exitosamente. Cantidad: 4
2025-05-07 19:50:09 - Recogida de todos los grupos.
2025-05-07 19:50:11 - Recogida del grupo especificado.
2025-05-07 19:55:27 - Solicitud para obtener los grupos más numerosos recibida.
2025-05-07 19:55:28 - Grupos obtenidos exitosamente. Cantidad: 4
2025-05-07 19:55:34 - Inicio de sesión solicitado para el usuario: edu.proyectoFinalAPI.Dtos.UsuarioDto@51391611
2025-05-07 19:55:34 - Inicio de sesión exitoso para el usuario: edu.proyectoFinalAPI.Dtos.UsuarioPerfilDto@6bf7b61d
2025-05-07 19:55:34 - Solicitud para obtener los grupos más numerosos recibida.
2025-05-07 19:55:35 - Grupos obtenidos exitosamente. Cantidad: 4
2025-05-07 19:55:35 - Recogida de todos los grupos.
2025-05-07 19:55:37 - Recogida del grupo especificado.
2025-05-07 19:56:26 - Recogida del grupo especificado.
2025-05-07 19:56:51 - Solicitud para obtener los grupos más numerosos recibida.
2025-05-07 19:56:52 - Grupos obtenidos exitosamente. Cantidad: 4
2025-05-07 19:56:56 - Inicio de sesión solicitado para el usuario: edu.proyectoFinalAPI.Dtos.UsuarioDto@4d7b947c
2025-05-07 19:56:56 - Inicio de sesión exitoso para el usuario: edu.proyectoFinalAPI.Dtos.UsuarioPerfilDto@6422bded
2025-05-07 19:56:56 - Solicitud para obtener los grupos más numerosos recibida.
2025-05-07 19:56:57 - Grupos obtenidos exitosamente. Cantidad: 4
2025-05-07 19:56:58 - Recogida de todos los grupos.
2025-05-07 19:57:00 - Recogida del grupo especificado.
2025-05-07 19:57:28 - Solicitud para obtener los grupos más numerosos recibida.
2025-05-07 19:57:29 - Grupos obtenidos exitosamente. Cantidad: 4
2025-05-07 19:57:30 - Recogida de todos los grupos.
2025-05-07 19:57:32 - Recogida del grupo especificado.
2025-05-07 19:57:36 - Solicitud para obtener los grupos más numerosos recibida.
2025-05-07 19:57:37 - Grupos obtenidos exitosamente. Cantidad: 4
2025-05-07 20:02:28 - Solicitud para obtener los grupos más numerosos recibida.
2025-05-07 20:02:28 - Grupos obtenidos exitosamente. Cantidad: 4
2025-05-07 20:02:32 - Solicitud para obtener los grupos más numerosos recibida.
2025-05-07 20:02:33 - Grupos obtenidos exitosamente. Cantidad: 4
2025-05-07 20:02:38 - Inicio de sesión solicitado para el usuario: edu.proyectoFinalAPI.Dtos.UsuarioDto@26ec5890
2025-05-07 20:02:38 - Inicio de sesión exitoso para el usuario: edu.proyectoFinalAPI.Dtos.UsuarioPerfilDto@2b3bdb0
2025-05-07 20:02:38 - Solicitud para obtener los grupos más numerosos recibida.
2025-05-07 20:02:38 - Grupos obtenidos exitosamente. Cantidad: 4
2025-05-07 20:02:40 - Recogida del grupo especificado.
2025-05-07 20:03:53 - Solicitud para obtener los grupos más numerosos recibida.
2025-05-07 20:03:54 - Grupos obtenidos exitosamente. Cantidad: 4
2025-05-07 20:04:07 - Recogida del grupo especificado.
2025-05-07 20:04:10 - Solicitud para obtener los grupos más numerosos recibida.
2025-05-07 20:04:11 - Grupos obtenidos exitosamente. Cantidad: 4
2025-05-07 20:04:12 - Recogida del grupo especificado.
2025-05-07 20:04:25 - Application shutdown requested.
2025-05-07 20:04:25 - Commencing graceful shutdown. Waiting for active requests to complete
2025-05-07 20:04:25 - Graceful shutdown complete
2025-05-07 20:04:25 - Closing JPA EntityManagerFactory for persistence unit 'default'
2025-05-07 20:04:25 - HikariPool-1 - Shutdown initiated...
